

HI-TECH Software 8051 Macro Assembler V9.60                                Page 1
                                                       Mon Mar 20 23:54:41 2023

     1                           	psect	idata,class=DATA,space=1,limit=080h
     2                           	psect	irdata,class=DATA,limit=080h
     3                           	global	_main
     4                           	signat	_main,88
     5                           	global	stack_internal
     6                           	psect	text,class=CODE
     7                           	psect	text
     8                           	file	"G:\÷»‘–Œ¬~1\3œ–¿ “~1\3PRAKT~2\project1\ma
                                 in.c"
     9                           	line	3
    10  00106                     _main:
    11  00106  02 0234            	j	f1411
    12  00109                     f1410:
    13                           ;main.c: 2: void main()
    14                           
    15                           ;main.c: 3: {
    16                           
    17                           ;	var   _i assigned to ?a_main+0
    18                           ;	var   _k assigned to ?a_main+2
    19                           ;	var   _j assigned to ?a_main+4
    20                           ;	var   _str assigned to ?a_main+6
    21                           ;main.c: 4: unsigned int i,k,j;
    22                           
    23                           ;main.c: 5: unsigned char *str="cyber";
    24                           
    25                           	line	5
    26  00109  75 26  01          	mov	?a_main+6,#high(0+u19)
    27  0010C  75 27  00          	mov	?a_main+6+1,#low(0+u19)
    28                           ;main.c: 7: P0 = 0x38;
    29                           
    30                           	line	7
    31  0010F  75 80 38           	mov	080h,#56
    32                           ;main.c: 8: P2 = 0x1;
    33                           
    34                           	line	8
    35  00112  75 A0 01           	mov	0A0h,#1
    36                           ;main.c: 9: P2 = 0x0;
    37                           
    38                           	line	9
    39  00115  75 A0 00           	mov	0A0h,#0
    40                           ;main.c: 10: i=0;
    41                           
    42                           	line	10
    43  00118  E4                 	clr	a
    44  00119  F5 20              	mov	?a_main+0,a
    45  0011B  F5 21              	mov	?a_main+0+1,a
    46                           ;main.c: 11: while (1)
    47                           
    48                           	line	11
    49  0011D                     l4:
    50                           ;main.c: 12: {
    51                           
    52                           ;main.c: 13: if(i<=2) {
    53                           
    54                           	line	13
    55  0011D  E5 21              	mov	a,?a_main+0+1
    56  0011F  24 FD              	add	a,#low -(3)
    57  00121  E5 20              	mov	a,?a_main+0
    58  00123  34 FF              	addc	a,#high -(3)
    59  00125  40 02              	bc	u11
    60  00127  80 03              	jmp	u10
    61  00129                     u11:
    62  00129  02 0228            	jmp	l6
    63  0012C                     u10:
    64                           ;main.c: 14: for (j=0;j<i;j++)
    65                           
    66                           	line	14
    67  0012C  E4                 	clr	a
    68  0012D  F5 24              	mov	?a_main+4,a
    69  0012F  F5 25              	mov	?a_main+4+1,a
    70  00131  80 11              	jmp	l10
    71                           	line	15
    72  00133                     l7:
    73                           ;main.c: 15: {
    74                           
    75                           ;main.c: 16: P0 = ' ';
    76                           
    77                           	line	16
    78  00133  75 80 20           	mov	080h,#32
    79                           ;main.c: 17: P2 = 0x3;
    80                           
    81                           	line	17
    82  00136  75 A0 03           	mov	0A0h,#3
    83                           ;main.c: 18: P2 = 0x2;
    84                           
    85                           	line	18
    86  00139  75 A0 02           	mov	0A0h,#2
    87                           	line	14
    88  0013C  05 25              	inc	?a_main+4+1
    89  0013E  E5 25              	mov	a,?a_main+4+1
    90  00140  70 02              	jnz	u20
    91  00142  05 24              	inc	?a_main+4
    92  00144                     u20:
    93  00144                     l10:
    94  00144  E5 20              	mov	a,?a_main+0
    95  00146  B5 24  07          	cbne	a,?a_main+4,u32
    96  00149  E5 21              	mov	a,?a_main+0+1
    97  0014B  B5 25  02          	cbne	a,?a_main+4+1,u32
    98  0014E  80 06              	jmp	u30
    99  00150                     u32:
   100  00150  50 02              	bnc	u31
   101  00152  80 02              	jmp	u30
   102  00154                     u31:
   103  00154  80 DD              	jmp	l7
   104  00156                     u30:
   105  00156                     l8:
   106                           ;main.c: 19: }
   107                           
   108                           ;main.c: 20: for(k=0;k<6;k++)
   109                           
   110                           	line	20
   111  00156  E4                 	clr	a
   112  00157  F5 22              	mov	?a_main+2,a
   113  00159  F5 23              	mov	?a_main+2+1,a
   114  0015B  E5 23              	mov	a,?a_main+2+1
   115  0015D  24 FA              	add	a,#low -(6)
   116  0015F  E5 22              	mov	a,?a_main+2
   117  00161  34 FF              	addc	a,#high -(6)
   118  00163  50 02              	bnc	u41
   119  00165  80 02              	jmp	u40
   120  00167                     u41:
   121  00167  80 02              	jmp	l11
   122  00169                     u40:
   123  00169  80 2D              	jmp	l12
   124                           	line	21
   125  0016B                     l11:
   126                           ;main.c: 21: {
   127                           
   128                           ;main.c: 22: P0 = str[k];
   129                           
   130                           	line	22
   131  0016B  E5 23              	mov	a,?a_main+2+1
   132  0016D  25 27              	add	a,?a_main+6+1
   133  0016F  F5 82              	mov	dpl,a
   134  00171  E5 22              	mov	a,?a_main+2
   135  00173  35 26              	addc	a,?a_main+6
   136  00175  F5 83              	mov	dph,a
   137                           	global	ldc_byte
   138  00177  12 0003            	call	ldc_byte
   139  0017A  F5 80              	mov	080h,a
   140                           ;main.c: 23: P2 = 0x3;
   141                           
   142                           	line	23
   143  0017C  75 A0 03           	mov	0A0h,#3
   144                           ;main.c: 24: P2 = 0x2;
   145                           
   146                           	line	24
   147  0017F  75 A0 02           	mov	0A0h,#2
   148                           	line	20
   149  00182  05 23              	inc	?a_main+2+1
   150  00184  E5 23              	mov	a,?a_main+2+1
   151  00186  70 02              	jnz	u50
   152  00188  05 22              	inc	?a_main+2
   153  0018A                     u50:
   154  0018A  E5 23              	mov	a,?a_main+2+1
   155  0018C  24 FA              	add	a,#low -(6)
   156  0018E  E5 22              	mov	a,?a_main+2
   157  00190  34 FF              	addc	a,#high -(6)
   158  00192  50 02              	bnc	u61
   159  00194  80 02              	jmp	u60
   160  00196                     u61:
   161  00196  80 D3              	jmp	l11
   162  00198                     u60:
   163  00198                     l12:
   164                           ;main.c: 25: }
   165                           
   166                           ;main.c: 27: P0 = 0x01;
   167                           
   168                           	line	27
   169  00198  75 80 01           	mov	080h,#1
   170                           ;main.c: 28: P2 = 0x1;
   171                           
   172                           	line	28
   173  0019B  75 A0 01           	mov	0A0h,#1
   174                           ;main.c: 29: P2 = 0x0;
   175                           
   176                           	line	29
   177  0019E  75 A0 00           	mov	0A0h,#0
   178                           ;main.c: 30: P0 = 0xC0;
   179                           
   180                           	line	30
   181  001A1  75 80 C0           	mov	080h,#192
   182                           ;main.c: 31: P2 = 0x1;
   183                           
   184                           	line	31
   185  001A4  75 A0 01           	mov	0A0h,#1
   186                           ;main.c: 32: P2 = 0x0;
   187                           
   188                           	line	32
   189  001A7  75 A0 00           	mov	0A0h,#0
   190                           ;main.c: 33: for(k=0;k<i;k++)
   191                           
   192                           	line	33
   193  001AA  E4                 	clr	a
   194  001AB  F5 22              	mov	?a_main+2,a
   195  001AD  F5 23              	mov	?a_main+2+1,a
   196  001AF  80 11              	jmp	l17
   197                           	line	34
   198  001B1                     l14:
   199                           ;main.c: 34: {
   200                           
   201                           ;main.c: 35: P0 = ' ';
   202                           
   203                           	line	35
   204  001B1  75 80 20           	mov	080h,#32
   205                           ;main.c: 36: P2 = 0x3;
   206                           
   207                           	line	36
   208  001B4  75 A0 03           	mov	0A0h,#3
   209                           ;main.c: 37: P2 = 0x2;
   210                           
   211                           	line	37
   212  001B7  75 A0 02           	mov	0A0h,#2
   213                           	line	33
   214  001BA  05 23              	inc	?a_main+2+1
   215  001BC  E5 23              	mov	a,?a_main+2+1
   216  001BE  70 02              	jnz	u70
   217  001C0  05 22              	inc	?a_main+2
   218  001C2                     u70:
   219  001C2                     l17:
   220  001C2  E5 20              	mov	a,?a_main+0
   221  001C4  B5 22  07          	cbne	a,?a_main+2,u82
   222  001C7  E5 21              	mov	a,?a_main+0+1
   223  001C9  B5 23  02          	cbne	a,?a_main+2+1,u82
   224  001CC  80 06              	jmp	u80
   225  001CE                     u82:
   226  001CE  50 02              	bnc	u81
   227  001D0  80 02              	jmp	u80
   228  001D2                     u81:
   229  001D2  80 DD              	jmp	l14
   230  001D4                     u80:
   231  001D4                     l15:
   232                           ;main.c: 38: }
   233                           
   234                           ;main.c: 40: for(j=0;j<6;j++)
   235                           
   236                           	line	40
   237  001D4  E4                 	clr	a
   238  001D5  F5 24              	mov	?a_main+4,a
   239  001D7  F5 25              	mov	?a_main+4+1,a
   240  001D9  E5 25              	mov	a,?a_main+4+1
   241  001DB  24 FA              	add	a,#low -(6)
   242  001DD  E5 24              	mov	a,?a_main+4
   243  001DF  34 FF              	addc	a,#high -(6)
   244  001E1  50 02              	bnc	u91
   245  001E3  80 02              	jmp	u90
   246  001E5                     u91:
   247  001E5  80 02              	jmp	l18
   248  001E7                     u90:
   249  001E7  80 2D              	jmp	l19
   250                           	line	41
   251  001E9                     l18:
   252                           ;main.c: 41: {
   253                           
   254                           ;main.c: 42: P0 = str[j];
   255                           
   256                           	line	42
   257  001E9  E5 25              	mov	a,?a_main+4+1
   258  001EB  25 27              	add	a,?a_main+6+1
   259  001ED  F5 82              	mov	dpl,a
   260  001EF  E5 24              	mov	a,?a_main+4
   261  001F1  35 26              	addc	a,?a_main+6
   262  001F3  F5 83              	mov	dph,a
   263                           	global	ldc_byte
   264  001F5  12 0003            	call	ldc_byte
   265  001F8  F5 80              	mov	080h,a
   266                           ;main.c: 43: P2 = 0x3;
   267                           
   268                           	line	43
   269  001FA  75 A0 03           	mov	0A0h,#3
   270                           ;main.c: 44: P2 = 0x2;
   271                           
   272                           	line	44
   273  001FD  75 A0 02           	mov	0A0h,#2
   274                           	line	40
   275  00200  05 25              	inc	?a_main+4+1
   276  00202  E5 25              	mov	a,?a_main+4+1
   277  00204  70 02              	jnz	u100
   278  00206  05 24              	inc	?a_main+4
   279  00208                     u100:
   280  00208  E5 25              	mov	a,?a_main+4+1
   281  0020A  24 FA              	add	a,#low -(6)
   282  0020C  E5 24              	mov	a,?a_main+4
   283  0020E  34 FF              	addc	a,#high -(6)
   284  00210  50 02              	bnc	u111
   285  00212  80 02              	jmp	u110
   286  00214                     u111:
   287  00214  80 D3              	jmp	l18
   288  00216                     u110:
   289  00216                     l19:
   290                           ;main.c: 45: }
   291                           
   292                           ;main.c: 46: P0 = 0x01;
   293                           
   294                           	line	46
   295  00216  75 80 01           	mov	080h,#1
   296                           ;main.c: 47: P2 = 0x1;
   297                           
   298                           	line	47
   299  00219  75 A0 01           	mov	0A0h,#1
   300                           ;main.c: 48: P2 = 0x0;
   301                           
   302                           	line	48
   303  0021C  75 A0 00           	mov	0A0h,#0
   304                           ;main.c: 49: P0 = 0x80;
   305                           
   306                           	line	49
   307  0021F  75 80 80           	mov	080h,#128
   308                           ;main.c: 50: P2 = 0x1;
   309                           
   310                           	line	50
   311  00222  75 A0 01           	mov	0A0h,#1
   312                           ;main.c: 51: P2 = 0x0;
   313                           
   314                           	line	51
   315  00225  75 A0 00           	mov	0A0h,#0
   316                           	line	52
   317  00228                     l6:
   318                           ;main.c: 52: }
   319                           
   320                           ;main.c: 95: i++;
   321                           
   322                           	line	95
   323  00228  05 21              	inc	?a_main+0+1
   324  0022A  E5 21              	mov	a,?a_main+0+1
   325  0022C  70 02              	jnz	u120
   326  0022E  05 20              	inc	?a_main+0
   327  00230                     u120:
   328                           	line	96
   329  00230                     l3:
   330                           	line	11
   331  00230  02 011D            	jmp	l4
   332  00233                     l5:
   333                           ;main.c: 96: }
   334                           
   335                           ;main.c: 97: }
   336                           
   337                           	line	97
   338  00233                     l2:
   339  00233  22                 	ret
   340  00234                     f1411:
   341  00234  02 0109            	j	f1410
   342                           	FNSIZE	_main,8,0
   343                           	global	?a_main
   344  0000                     f1412	equ	0
   345                           	psect	strings,class=CODE
   346                           	psect	strings
   347  00100                     u19:
   348  00100  63 79 62 65 72 00  	db	"cyber",0
   349  0000                     _A10	equ	162
   350  0000                     _A11	equ	163
   351  0000                     _A12	equ	164
   352  0000                     _A13	equ	165
   353  0000                     _A14	equ	166
   354  0000                     _A15	equ	167
   355  0000                     _A8	equ	160
   356  0000                     _A9	equ	161
   357  0000                     _AC	equ	214
   358  0000                     _ACC0	equ	224
   359  0000                     _ACC1	equ	225
   360  0000                     _ACC2	equ	226
   361  0000                     _ACC3	equ	227
   362  0000                     _ACC4	equ	228
   363  0000                     _ACC5	equ	229
   364  0000                     _ACC6	equ	230
   365  0000                     _ACC7	equ	231
   366  0000                     _AD0	equ	128
   367  0000                     _AD1	equ	129
   368  0000                     _AD2	equ	130
   369  0000                     _AD3	equ	131
   370  0000                     _AD4	equ	132
   371  0000                     _AD5	equ	133
   372  0000                     _AD6	equ	134
   373  0000                     _AD7	equ	135
   374  0000                     _B0	equ	240
   375  0000                     _B1	equ	241
   376  0000                     _B2	equ	242
   377  0000                     _B3	equ	243
   378  0000                     _B4	equ	244
   379  0000                     _B5	equ	245
   380  0000                     _B6	equ	246
   381  0000                     _B7	equ	247
   382  0000                     _CY	equ	215
   383  0000                     _EA	equ	175
   384  0000                     _ES	equ	172
   385  0000                     _ET0	equ	169
   386  0000                     _ET1	equ	171
   387  0000                     _EX0	equ	168
   388  0000                     _EX1	equ	170
   389  0000                     _F0	equ	213
   390  0000                     _IE0	equ	137
   391  0000                     _IE1	equ	139
   392  0000                     _INT0	equ	178
   393  0000                     _INT1	equ	179
   394  0000                     _IT0	equ	136
   395  0000                     _IT1	equ	138
   396  0000                     _OV	equ	210
   397  0000                     _P	equ	208
   398  0000                     _P00	equ	128
   399  0000                     _P01	equ	129
   400  0000                     _P02	equ	130
   401  0000                     _P03	equ	131
   402  0000                     _P04	equ	132
   403  0000                     _P05	equ	133
   404  0000                     _P06	equ	134
   405+ 0000                     _P07	equ	135
   406+ 0000                     _P10	equ	144
   407  0000                     _P11	equ	145
   408  0000                     _P12	equ	146
   409  0000                     _P13	equ	147
   410  0000                     _P14	equ	148
   411  0000                     _P15	equ	149
   412  0000                     _P16	equ	150
   413  0000                     _P17	equ	151
   414  0000                     _P20	equ	160
   415  0000                     _P21	equ	161
   416  0000                     _P22	equ	162
   417  0000                     _P23	equ	163
   418  0000                     _P24	equ	164
   419  0000                     _P25	equ	165
   420  0000                     _P26	equ	166
   421  0000                     _P27	equ	167
   422  0000                     _P30	equ	176
   423  0000                     _P31	equ	177
   424  0000                     _P32	equ	178
   425  0000                     _P33	equ	179
   426  0000                     _P34	equ	180
   427  0000                     _P35	equ	181
   428  0000                     _P36	equ	182
   429  0000                     _P37	equ	183
   430  0000                     _PS	equ	188
   431  0000                     _PT0	equ	185
   432  0000                     _PT1	equ	187
   433  0000                     _PX0	equ	184
   434  0000                     _PX1	equ	186
   435  0000                     _RB8	equ	154
   436  0000                     _RD	equ	183
   437  0000                     _REN	equ	156
   438  0000                     _RI	equ	152
   439  0000                     _RS0	equ	211
   440  0000                     _RS1	equ	212
   441  0000                     _RXD	equ	176
   442  0000                     _SM0	equ	159
   443  0000                     _SM1	equ	158
   444  0000                     _SM2	equ	157
   445  0000                     _T0	equ	180
   446  0000                     _T1	equ	181
   447  0000                     _TB8	equ	155
   448  0000                     _TF0	equ	141
   449  0000                     _TF1	equ	143
   450  0000                     _TI	equ	153
   451  0000                     _TR0	equ	140
   452  0000                     _TR1	equ	142
   453  0000                     _TXD	equ	177
   454  0000                     _WR	equ	182
   455  0000                     _ACC	equ	224
   456  0000                     _B	equ	240
   457  0000                     _DPH	equ	131
   458  0000                     _DPL	equ	130
   459  0000                     _IE	equ	168
   460  0000                     _IP	equ	184
   461  0000                     _P0	equ	128
   462  0000                     _P1	equ	144
   463  0000                     _P2	equ	160
   464  0000                     _P3	equ	176
   465  0000                     _PCON	equ	135
   466  0000                     _PSW	equ	208
   467  0000                     _SBUF	equ	153
   468  0000                     _SCON	equ	152
   469  0000                     _SP	equ	129
   470  0000                     _TCON	equ	136
   471  0000                     _TH0	equ	140
   472  0000                     _TH1	equ	141
   473  0000                     _TL0	equ	138
   474  0000                     _TL1	equ	139
   475  0000                     _TMOD	equ	137
   476  0000                     _ACC_BITS	equ	224
   477  0000                     _B_BITS	equ	240
   478  0000                     _IE_BITS	equ	168
   479  0000                     _IP_BITS	equ	184
   480  0000                     _P0_BITS	equ	128
   481  0000                     _P1_BITS	equ	144
   482  0000                     _P2_BITS	equ	160
   483  0000                     _P3_BITS	equ	176
   484  0000                     _PCON_BITS	equ	135
   485  0000                     _PSW_BITS	equ	208
   486  0000                     _SCON_BITS	equ	152
   487  0000                     _TCON_BITS	equ	136
   488  0000                     _TMOD_BITS	equ	137


HI-TECH Software 8051 Macro Assembler V9.60                                Page 2
Symbol Table                                           Mon Mar 20 23:54:41 2023

       ?a_main 00020              _B 000F0              l2 00233  
            l3 00230              l4 0011D              l5 00233  
            _P 000D0              l6 00228              l7 00133  
            l8 00156             _B0 000F0             _B1 000F1  
           _B2 000F2             _B3 000F3             _B4 000F4  
           _B5 000F5             _B6 000F6             _A8 000A0  
           _B7 000F7             _A9 000A1             _F0 000D5  
           _AC 000D6             l10 00144             l11 0016B  
           l12 00198             l14 001B1             _EA 000AF  
           l15 001D4             l17 001C2             l18 001E9  
           l19 00216             _P0 00080             _P1 00090  
           _P2 000A0             _P3 000B0             _IE 000A8  
           _T0 000B4             _T1 000B5             _ES 000AC  
           _CY 000D7             _IP 000B8             _RD 000B7  
           u10 0012C             u11 00129             u20 00144  
           _RI 00098             u30 00156             u31 00154  
           u40 00169             u32 00150             _TI 00099  
           u41 00167             u50 0018A             _PS 000BC  
           u19 00100             _OV 000D2             u60 00198  
           u61 00196             _SP 00081             u70 001C2  
           u80 001D4             u81 001D2             u90 001E7  
           u82 001CE             u91 001E5             _WR 000B6  
       _B_BITS 000F0            _A10 000A2            _A11 000A3  
          _A12 000A4            _A13 000A5            _A14 000A6  
          _A15 000A7            _AD0 00080            _AD1 00081  
          _AD2 00082            _AD3 00083            _AD4 00084  
          _AD5 00085            _AD6 00086            _AD7 00087  
          _ACC 000E0            _P00 00080            _P01 00081  
          _P10 00090            _P02 00082            _P11 00091  
          _P03 00083            _P20 000A0            _P12 00092  
          _P04 00084            _P21 000A1            _P13 00093  
          _P05 00085            _P30 000B0            _P22 000A2  
          _P14 00094            _P06 00086            _P31 000B1  
          _P23 000A3            _P15 00095            _P07 00087  
          _P32 000B2            _P24 000A4            _P16 00096  
          _P33 000B3            _P25 000A5            _P17 00097  
          _P34 000B4            _P26 000A6            _P35 000B5  
          _P27 000A7            _P36 000B6            _P37 000B7  
          _IE0 00089            _IE1 0008B            _ET0 000A9  
          _ET1 000AB            _EX0 000A8            _EX1 000AA  
          _DPH 00083            _DPL 00082            _IT0 00088  
          _IT1 0008A            _RB8 0009A            u100 00208  
          u110 00216            u111 00214            u120 00230  
          _TF0 0008D            _TB8 0009B            _TF1 0008F  
          _TH0 0008C            _TH1 0008D            _SM0 0009F  
          _SM1 0009E            _TL0 0008A            _SM2 0009D  
          _PT0 000B9            _TL1 0008B            _PT1 000BB  
          _RS0 000D3            _RS1 000D4            _REN 0009C  
          _PX0 000B8            _PX1 000BA            _TR0 0008C  
          _TR1 0008E            _RXD 000B0            _PSW 000D0  
          _TXD 000B1        _P0_BITS 00080        _P1_BITS 00090  
      _P2_BITS 000A0        _P3_BITS 000B0        _IE_BITS 000A8  
     _ACC_BITS 000E0        _IP_BITS 000B8           f1410 00109  
         f1411 00234           f1412 00000           _ACC0 000E0  
         _ACC1 000E1           _ACC2 000E2           _ACC3 000E3  
         _ACC4 000E4           _ACC5 000E5           _ACC6 000E6  
         _ACC7 000E7  stack_internal 00001           _INT0 000B2  
         _INT1 000B3           _PCON 00087           _SCON 00098  
         _SBUF 00099           _TCON 00088           _TMOD 00089  
         _main 00106       _PSW_BITS 000D0        ldc_byte 00003  
    _PCON_BITS 00087      _SCON_BITS 00098      _TCON_BITS 00088  
    _TMOD_BITS 00089  
